This file contains any messages produced by compilers while
running configure, to aid debugging if configure makes a mistake.

It was created by auctex configure 11.86, which was
generated by GNU Autoconf 2.65.  Invocation command line was

  $ ./configure --with-emacs=/Applications/Emacs.app/Contents/MacOS/Emacs --with-lispdir=/Applications/Emacs.app/Contents/Resources/site-lisp/ --without-texmf-dir

## --------- ##
## Platform. ##
## --------- ##

hostname = Ben-Cohens-MacBook-Air.local
uname -m = i386
uname -r = 10.6.0
uname -s = Darwin
uname -v = Darwin Kernel Version 10.6.0: Wed Nov 10 18:13:17 PST 2010; root:xnu-1504.9.26~3/RELEASE_I386

/usr/bin/uname -p = i386
/bin/uname -X     = unknown

/bin/arch              = unknown
/usr/bin/arch -k       = unknown
/usr/convex/getsysinfo = unknown
/usr/bin/hostinfo      = Mach kernel version:
	 Darwin Kernel Version 10.6.0: Wed Nov 10 18:13:17 PST 2010; root:xnu-1504.9.26~3/RELEASE_I386
Kernel configured for up to 2 processors.
2 processors are physically available.
2 processors are logically available.
Processor type: i486 (Intel 80486)
Processors active: 0 1
Primary memory available: 4.00 gigabytes
Default processor set: 71 tasks, 346 threads, 2 processors
Load average: 0.63, Mach factor: 1.36
/bin/machine           = unknown
/usr/bin/oslevel       = unknown
/bin/universe          = unknown

PATH: /usr/bin
PATH: /bin
PATH: /usr/sbin
PATH: /sbin
PATH: /usr/local/bin
PATH: /usr/local/git/bin
PATH: /usr/texbin
PATH: /usr/X11/bin
PATH: /Library/Frameworks/Python.framework/Versions/2.7/bin
PATH: /Users/bjcohen/.cabal/bin
PATH: /Users/bjcohen/.cabal/bin
PATH: /usr/local/bin
PATH: /Users/bjcohen/dev/scala-2.8.1.final/bin
PATH: /opt/local/bin
PATH: /opt/local/sbin


## ----------- ##
## Core tests. ##
## ----------- ##

configure:1731: checking for make
configure:1747: found /usr/bin/make
configure:1758: result: make
configure:1774: checking whether make sets $(MAKE)
configure:1796: result: yes
configure:1842: checking for a BSD-compatible install
configure:1910: result: /usr/bin/install -c
configure:1923: checking for date in ChangeLog
configure:1930: result: 2010-02-21
configure:1932: checking for release in ChangeLog
configure:1941: result: 11.86
configure:1992: checking for /Applications/Emacs.app/Contents/MacOS/Emacs
configure:2022: result: /Applications/Emacs.app/Contents/MacOS/Emacs
configure:2038: checking if /Applications/Emacs.app/Contents/MacOS/Emacs is XEmacs
/Applications/Emacs.app/Contents/MacOS/Emacs -batch -no-site-file -eval (let* ((x (if (featurep (quote xemacs)) "yes" "no"))) (write-region (if (stringp x) x (prin1-to-string x)) nil "./conftest-3038"))
Wrote /Users/bjcohen/.emacs.d/auctex-11.86/conftest-3038
=> no
configure:2058: result: no
configure:2062: checking for Emacs prefix
/Applications/Emacs.app/Contents/MacOS/Emacs -batch -no-site-file -eval (let* ((cmd(pop command-line-args-left))(x (condition-case nil (let*
    ((prefix (directory-file-name (file-name-directory (executable-find cmd))))
     (parent (directory-file-name (file-name-directory prefix))))
    (if (string= (file-name-nondirectory prefix) "bin")
        (setq prefix parent)
      (if (string= (file-name-nondirectory parent) "bin")
         (setq prefix (directory-file-name (file-name-directory parent)))))
    prefix) (error NONE)))) (write-region (if (stringp x) x (prin1-to-string x)) nil "./conftest-3038")) /Applications/Emacs.app/Contents/MacOS/Emacs
Wrote /Users/bjcohen/.emacs.d/auctex-11.86/conftest-3038
=> /Applications/Emacs.app/Contents/MacOS
configure:2081: result: "/Applications/Emacs.app/Contents/MacOS"
configure:2111: checking if Emacs is recent enough
/Applications/Emacs.app/Contents/MacOS/Emacs -batch -no-site-file -eval (let* ((x (cond ((< emacs-major-version 21) "no")
			 ((> emacs-major-version 21) "yes")
			 ((< emacs-minor-version 01) "no")
			 (t "yes")))) (write-region (if (stringp x) x (prin1-to-string x)) nil "./conftest-3038"))
Wrote /Users/bjcohen/.emacs.d/auctex-11.86/conftest-3038
=> yes
configure:2125: result: yes
configure:2135: checking for MULE support
/Applications/Emacs.app/Contents/MacOS/Emacs -batch -eval (let* ((x (condition-case nil (require 'mule ) 	(error (prog1 nil (message "mule not found")))))) (write-region (if (stringp x) x (prin1-to-string x)) nil "./conftest-3038"))
Wrote /Users/bjcohen/.emacs.d/auctex-11.86/conftest-3038
=> mule
configure:2169: result: yes
configure:2214: checking if build directory is valid
/Applications/Emacs.app/Contents/MacOS/Emacs -batch -eval (let* ((x (if (or (member (directory-file-name default-directory) load-path)	      (member (file-name-as-directory default-directory) load-path))	 "no" "yes"))) (write-region (if (stringp x) x (prin1-to-string x)) nil "./conftest-3038"))
Wrote /Users/bjcohen/.emacs.d/auctex-11.86/conftest-3038
=> yes
configure:2230: result: yes
configure:2318: checking where lisp files go
configure:2390: result: /Applications/Emacs.app/Contents/Resources/site-lisp/
configure:2394: checking what file to use for auctex startup
configure:2421: result: /Applications/Emacs.app/Contents/Resources/site-lisp//auctex.el
configure:2439: checking where the package lisp files go
/Applications/Emacs.app/Contents/MacOS/Emacs -batch -no-site-file -eval (let* ((path(pop command-line-args-left)) (lispdir(pop command-line-args-left)) (startup(pop command-line-args-left)) (target(pop command-line-args-left))(x (progn (setq path (directory-file-name path))
  (if (or target
          (not (string= (car load-path) (directory-file-name (car load-path)))))
    (setq path (file-name-as-directory path)))
  (setq path (expand-file-name path lispdir))
  (setq startupdir (file-name-directory (expand-file-name startup lispdir)))
  (prin1-to-string
    (if (or (string-match "\`\.\."
              (setq relname (file-relative-name startupdir lispdir)))
            (file-name-absolute-p relname)
	    (string-match "\`\.\."
              (setq relname (file-relative-name path lispdir)))
 	    (file-name-absolute-p relname))
	  (concat path target)
	(cond (target
	       `(expand-file-name
                   ,(file-relative-name (concat path target) startupdir)
	           (file-name-directory load-file-name)))
              ((string= path startupdir)
	         '(file-name-directory load-file-name))
	      ((string= path (directory-file-name startupdir))
                 '(directory-file-name (file-name-directory load-file-name)))
              (t
	       `(expand-file-name
                   ,(file-relative-name path startupdir)
	           (file-name-directory load-file-name))))))))) (write-region (if (stringp x) x (prin1-to-string x)) nil "./conftest-3038")) /Applications/Emacs.app/Contents/Resources/site-lisp//auctex /Applications/Emacs.app/Contents/Resources/site-lisp/ /Applications/Emacs.app/Contents/Resources/site-lisp//tex-site.el
Wrote /Users/bjcohen/.emacs.d/auctex-11.86/conftest-3038
=> (expand-file-name "auctex" (file-name-directory load-file-name))
configure:2520: result: /Applications/Emacs.app/Contents/Resources/site-lisp//auctex
configure:2523: checking where the data files go
/Applications/Emacs.app/Contents/MacOS/Emacs -batch -no-site-file -eval (let* ((path(pop command-line-args-left)) (lispdir(pop command-line-args-left)) (startup(pop command-line-args-left)) (target(pop command-line-args-left))(x (progn (setq path (directory-file-name path))
  (if (or target
          (not (string= (car load-path) (directory-file-name (car load-path)))))
    (setq path (file-name-as-directory path)))
  (setq path (expand-file-name path lispdir))
  (setq startupdir (file-name-directory (expand-file-name startup lispdir)))
  (prin1-to-string
    (if (or (string-match "\`\.\."
              (setq relname (file-relative-name startupdir lispdir)))
            (file-name-absolute-p relname)
	    (string-match "\`\.\."
              (setq relname (file-relative-name path lispdir)))
 	    (file-name-absolute-p relname))
	  (concat path target)
	(cond (target
	       `(expand-file-name
                   ,(file-relative-name (concat path target) startupdir)
	           (file-name-directory load-file-name)))
              ((string= path startupdir)
	         '(file-name-directory load-file-name))
	      ((string= path (directory-file-name startupdir))
                 '(directory-file-name (file-name-directory load-file-name)))
              (t
	       `(expand-file-name
                   ,(file-relative-name path startupdir)
	           (file-name-directory load-file-name))))))))) (write-region (if (stringp x) x (prin1-to-string x)) nil "./conftest-3038")) /Applications/Emacs.app/Contents/Resources/site-lisp//auctex /Applications/Emacs.app/Contents/Resources/site-lisp/ /Applications/Emacs.app/Contents/Resources/site-lisp//tex-site.el
Wrote /Users/bjcohen/.emacs.d/auctex-11.86/conftest-3038
=> (expand-file-name "auctex" (file-name-directory load-file-name))
configure:2604: result: /Applications/Emacs.app/Contents/Resources/site-lisp//auctex
/Applications/Emacs.app/Contents/MacOS/Emacs -batch -no-site-file -eval (let* ((path(pop command-line-args-left)) (lispdir(pop command-line-args-left)) (startup(pop command-line-args-left)) (target(pop command-line-args-left))(x (progn (setq path (directory-file-name path))
  (if (or target
          (not (string= (car load-path) (directory-file-name (car load-path)))))
    (setq path (file-name-as-directory path)))
  (setq path (expand-file-name path lispdir))
  (setq startupdir (file-name-directory (expand-file-name startup lispdir)))
  (prin1-to-string
    (if (or (string-match "\`\.\."
              (setq relname (file-relative-name startupdir lispdir)))
            (file-name-absolute-p relname)
	    (string-match "\`\.\."
              (setq relname (file-relative-name path lispdir)))
 	    (file-name-absolute-p relname))
	  (concat path target)
	(cond (target
	       `(expand-file-name
                   ,(file-relative-name (concat path target) startupdir)
	           (file-name-directory load-file-name)))
              ((string= path startupdir)
	         '(file-name-directory load-file-name))
	      ((string= path (directory-file-name startupdir))
                 '(directory-file-name (file-name-directory load-file-name)))
              (t
	       `(expand-file-name
                   ,(file-relative-name path startupdir)
	           (file-name-directory load-file-name))))))))) (write-region (if (stringp x) x (prin1-to-string x)) nil "./conftest-3038"))  /Applications/Emacs.app/Contents/Resources/site-lisp/ /Applications/Emacs.app/Contents/Resources/site-lisp//auctex.el tex-site.el
Wrote /Users/bjcohen/.emacs.d/auctex-11.86/conftest-3038
=> (expand-file-name "tex-site.el" (file-name-directory load-file-name))
configure:2681: checking where the info files go
configure:2683: result: ${datarootdir}/info
configure:2694: checking where automatically generated global style hooks go
configure:2704: result: ${localstatedir}/auctex
/Applications/Emacs.app/Contents/MacOS/Emacs -batch -no-site-file -eval (let* ((path(pop command-line-args-left)) (lispdir(pop command-line-args-left)) (startup(pop command-line-args-left)) (target(pop command-line-args-left))(x (progn (setq path (directory-file-name path))
  (if (or target
          (not (string= (car load-path) (directory-file-name (car load-path)))))
    (setq path (file-name-as-directory path)))
  (setq path (expand-file-name path lispdir))
  (setq startupdir (file-name-directory (expand-file-name startup lispdir)))
  (prin1-to-string
    (if (or (string-match "\`\.\."
              (setq relname (file-relative-name startupdir lispdir)))
            (file-name-absolute-p relname)
	    (string-match "\`\.\."
              (setq relname (file-relative-name path lispdir)))
 	    (file-name-absolute-p relname))
	  (concat path target)
	(cond (target
	       `(expand-file-name
                   ,(file-relative-name (concat path target) startupdir)
	           (file-name-directory load-file-name)))
              ((string= path startupdir)
	         '(file-name-directory load-file-name))
	      ((string= path (directory-file-name startupdir))
                 '(directory-file-name (file-name-directory load-file-name)))
              (t
	       `(expand-file-name
                   ,(file-relative-name path startupdir)
	           (file-name-directory load-file-name))))))))) (write-region (if (stringp x) x (prin1-to-string x)) nil "./conftest-3038")) /usr/local/var/auctex /Applications/Emacs.app/Contents/Resources/site-lisp/ /Applications/Emacs.app/Contents/Resources/site-lisp//tex-site.el
Wrote /Users/bjcohen/.emacs.d/auctex-11.86/conftest-3038
=> "/usr/local/var/auctex"
configure:2784: checking for tex
configure:2802: found /usr/texbin/tex
configure:2815: result: /usr/texbin/tex
configure:2825: checking for pdftex
configure:2843: found /usr/texbin/pdftex
configure:2856: result: /usr/texbin/pdftex
configure:2866: checking for dvips
configure:2884: found /usr/texbin/dvips
configure:2897: result: /usr/texbin/dvips
configure:2912: checking for perl
configure:2930: found /usr/bin/perl
configure:2943: result: /usr/bin/perl
configure:2957: checking for makeinfo
configure:2975: found /usr/bin/makeinfo
configure:2988: result: /usr/bin/makeinfo
configure:2998: checking for texi2html
configure:3016: found /usr/bin/texi2html
configure:3029: result: /usr/bin/texi2html
configure:3039: checking for texi2dvi
configure:3057: found /usr/bin/texi2dvi
configure:3070: result: /usr/bin/texi2dvi
configure:3080: checking for texi2pdf
configure:3098: found /usr/bin/texi2pdf
configure:3111: result: /usr/bin/texi2pdf
configure:3126: checking for install-info
configure:3144: found /usr/bin/install-info
configure:3157: result: /usr/bin/install-info
configure:3420: creating ./config.status

## ---------------------- ##
## Running config.status. ##
## ---------------------- ##

This file was extended by auctex config.status 11.86, which was
generated by GNU Autoconf 2.65.  Invocation command line was

  CONFIG_FILES    = 
  CONFIG_HEADERS  = 
  CONFIG_LINKS    = 
  CONFIG_COMMANDS = 
  $ ./config.status 

on Ben-Cohens-MacBook-Air.local

config.status:754: creating Makefile
config.status:754: creating tex-site.el.out
config.status:754: creating doc/Makefile
config.status:754: creating auctex.el
configure:4494: === configuring in preview (/Users/bjcohen/.emacs.d/auctex-11.86/preview)
configure:4557: running /bin/sh ./configure --disable-option-checking '--prefix=/usr/local'  '--with-emacs=/Applications/Emacs.app/Contents/MacOS/Emacs' '--with-lispdir=/Applications/Emacs.app/Contents/Resources/site-lisp/' '--without-texmf-dir' --cache-file=/dev/null --srcdir=.

## ---------------- ##
## Cache variables. ##
## ---------------- ##

ac_cv_env_INSTALL_INFO_set=
ac_cv_env_INSTALL_INFO_value=
ac_cv_env_MAKEINFO_set=
ac_cv_env_MAKEINFO_value=
ac_cv_env_PERL_set=
ac_cv_env_PERL_value=
ac_cv_env_build_alias_set=
ac_cv_env_build_alias_value=
ac_cv_env_host_alias_set=
ac_cv_env_host_alias_value=
ac_cv_env_target_alias_set=
ac_cv_env_target_alias_value=
ac_cv_path_DVIPS=/usr/texbin/dvips
ac_cv_path_EMACS=/Applications/Emacs.app/Contents/MacOS/Emacs
ac_cv_path_INSTALL_INFO=/usr/bin/install-info
ac_cv_path_MAKEINFO=/usr/bin/makeinfo
ac_cv_path_PDFTEX=/usr/texbin/pdftex
ac_cv_path_PERL=/usr/bin/perl
ac_cv_path_TEX=/usr/texbin/tex
ac_cv_path_TEXI2DVI=/usr/bin/texi2dvi
ac_cv_path_TEXI2HTML=/usr/bin/texi2html
ac_cv_path_TEXI2PDF=/usr/bin/texi2pdf
ac_cv_path_install='/usr/bin/install -c'
ac_cv_prog_MAKECMD=make
ac_cv_prog_make_make_set=yes

## ----------------- ##
## Output variables. ##
## ----------------- ##

AUCTEXDATE='2010-02-21'
AUCTEXVERSION='11.86'
DEFS='-DPACKAGE_NAME=\"auctex\" -DPACKAGE_TARNAME=\"auctex\" -DPACKAGE_VERSION=\"11.86\" -DPACKAGE_STRING=\"auctex\ 11.86\" -DPACKAGE_BUGREPORT=\"bug-auctex@gnu.org\" -DPACKAGE_URL=\"\"'
DVIPS='/usr/texbin/dvips'
ECHO_C='\c'
ECHO_N=''
ECHO_T=''
EMACS='/Applications/Emacs.app/Contents/MacOS/Emacs'
EMACS_FLAVOR='emacs'
HAVE_mule='yes'
INSTALL_DATA='${INSTALL} -m 644'
INSTALL_INFO='/usr/bin/install-info'
INSTALL_PROGRAM='${INSTALL}'
INSTALL_SCRIPT='${INSTALL}'
LIBOBJS=''
LIBS=''
LTLIBOBJS=''
MAKECMD='make'
MAKEINFO='/usr/bin/makeinfo'
MULEELC='tex-jp.elc'
MULESRC='tex-jp.el'
PACKAGE_BUGREPORT='bug-auctex@gnu.org'
PACKAGE_NAME='auctex'
PACKAGE_STRING='auctex 11.86'
PACKAGE_TARNAME='auctex'
PACKAGE_URL=''
PACKAGE_VERSION='11.86'
PATH_SEPARATOR=':'
PDFTEX='/usr/texbin/pdftex'
PERL='/usr/bin/perl'
SET_MAKE=''
SHELL='/bin/sh'
TEX='/usr/texbin/tex'
TEXI2DVI='/usr/bin/texi2dvi'
TEXI2HTML='/usr/bin/texi2html'
TEXI2PDF='/usr/bin/texi2pdf'
XEMACS='no'
auctexstartfile='/Applications/Emacs.app/Contents/Resources/site-lisp//auctex.el'
autodir='${localstatedir}/auctex'
bindir='${exec_prefix}/bin'
build_alias=''
datadir='${datarootdir}'
datarootdir='${prefix}/share'
docdir='${datarootdir}/doc/${PACKAGE_TARNAME}'
dvidir='${docdir}'
exec_prefix='${prefix}'
host_alias=''
htmldir='${docdir}'
includedir='${prefix}/include'
infodir='${datarootdir}/info'
libdir='${exec_prefix}/lib'
libexecdir='${exec_prefix}/libexec'
lispautodir='"/usr/local/var/auctex"'
lispdir='/Applications/Emacs.app/Contents/Resources/site-lisp/'
lisppackagedatadir='(expand-file-name "auctex" (file-name-directory load-file-name))'
lisppackagelispdir='(expand-file-name "auctex" (file-name-directory load-file-name))'
lisptexsite='(expand-file-name "tex-site.el" (file-name-directory load-file-name))'
localedir='${datarootdir}/locale'
localstatedir='${prefix}/var'
mandir='${datarootdir}/man'
oldincludedir='/usr/include'
packagedatadir='/Applications/Emacs.app/Contents/Resources/site-lisp//auctex'
packagedir='no'
packagelispdir='/Applications/Emacs.app/Contents/Resources/site-lisp//auctex'
pdfdir='${docdir}'
prefix='/usr/local'
preview_enabled='yes'
program_transform_name='s,x,x,'
psdir='${docdir}'
sbindir='${exec_prefix}/sbin'
sharedstatedir='${prefix}/com'
subdirs=' preview'
sysconfdir='${prefix}/etc'
target_alias=''
texsite=''

## ----------- ##
## confdefs.h. ##
## ----------- ##

/* confdefs.h */
#define PACKAGE_NAME "auctex"
#define PACKAGE_TARNAME "auctex"
#define PACKAGE_VERSION "11.86"
#define PACKAGE_STRING "auctex 11.86"
#define PACKAGE_BUGREPORT "bug-auctex@gnu.org"
#define PACKAGE_URL ""

configure: exit 0
