This file contains any messages produced by compilers while
running configure, to aid debugging if configure makes a mistake.

It was created by preview-latex configure 11.84, which was
generated by GNU Autoconf 2.65.  Invocation command line was

  $ ./configure --disable-option-checking --prefix=/usr/local --with-emacs=/Applications/Emacs.app/Contents/MacOS/Emacs --with-lispdir=/Applications/Emacs.app/Contents/Resources/site-lisp/ --without-texmf-dir --cache-file=/dev/null --srcdir=.

## --------- ##
## Platform. ##
## --------- ##

hostname = Ben-Cohens-MacBook-Air.local
uname -m = i386
uname -r = 10.6.0
uname -s = Darwin
uname -v = Darwin Kernel Version 10.6.0: Wed Nov 10 18:13:17 PST 2010; root:xnu-1504.9.26~3/RELEASE_I386

/usr/bin/uname -p = i386
/bin/uname -X     = unknown

/bin/arch              = unknown
/usr/bin/arch -k       = unknown
/usr/convex/getsysinfo = unknown
/usr/bin/hostinfo      = Mach kernel version:
	 Darwin Kernel Version 10.6.0: Wed Nov 10 18:13:17 PST 2010; root:xnu-1504.9.26~3/RELEASE_I386
Kernel configured for up to 2 processors.
2 processors are physically available.
2 processors are logically available.
Processor type: i486 (Intel 80486)
Processors active: 0 1
Primary memory available: 4.00 gigabytes
Default processor set: 73 tasks, 352 threads, 2 processors
Load average: 1.58, Mach factor: 0.65
/bin/machine           = unknown
/usr/bin/oslevel       = unknown
/bin/universe          = unknown

PATH: /usr/bin
PATH: /bin
PATH: /usr/sbin
PATH: /sbin
PATH: /usr/local/bin
PATH: /usr/local/git/bin
PATH: /usr/texbin
PATH: /usr/X11/bin
PATH: /Library/Frameworks/Python.framework/Versions/2.7/bin
PATH: /Users/bjcohen/.cabal/bin
PATH: /Users/bjcohen/.cabal/bin
PATH: /usr/local/bin
PATH: /Users/bjcohen/dev/scala-2.8.1.final/bin
PATH: /opt/local/bin
PATH: /opt/local/sbin


## ----------- ##
## Core tests. ##
## ----------- ##

configure:1716: checking whether make sets $(MAKE)
configure:1738: result: yes
configure:1784: checking for a BSD-compatible install
configure:1852: result: /usr/bin/install -c
configure:1915: checking for /Applications/Emacs.app/Contents/MacOS/Emacs
configure:1945: result: /Applications/Emacs.app/Contents/MacOS/Emacs
configure:1961: checking if /Applications/Emacs.app/Contents/MacOS/Emacs is XEmacs
/Applications/Emacs.app/Contents/MacOS/Emacs -batch -no-site-file -eval (let* ((x (if (featurep (quote xemacs)) "yes" "no"))) (write-region (if (stringp x) x (prin1-to-string x)) nil "./conftest-3407"))
Wrote /Users/bjcohen/.emacs.d/auctex-11.86/preview/conftest-3407
=> no
configure:1981: result: no
configure:1985: checking for Emacs prefix
/Applications/Emacs.app/Contents/MacOS/Emacs -batch -no-site-file -eval (let* ((cmd(pop command-line-args-left))(x (condition-case nil (let*
    ((prefix (directory-file-name (file-name-directory (executable-find cmd))))
     (parent (directory-file-name (file-name-directory prefix))))
    (if (string= (file-name-nondirectory prefix) "bin")
        (setq prefix parent)
      (if (string= (file-name-nondirectory parent) "bin")
         (setq prefix (directory-file-name (file-name-directory parent)))))
    prefix) (error NONE)))) (write-region (if (stringp x) x (prin1-to-string x)) nil "./conftest-3407")) /Applications/Emacs.app/Contents/MacOS/Emacs
Wrote /Users/bjcohen/.emacs.d/auctex-11.86/preview/conftest-3407
=> /Applications/Emacs.app/Contents/MacOS
configure:2004: result: "/Applications/Emacs.app/Contents/MacOS"
configure:2034: checking if Emacs is recent enough
/Applications/Emacs.app/Contents/MacOS/Emacs -batch -no-site-file -eval (let* ((x (cond ((< emacs-major-version 21) "no")
			 ((> emacs-major-version 21) "yes")
			 ((< emacs-minor-version 01) "no")
			 (t "yes")))) (write-region (if (stringp x) x (prin1-to-string x)) nil "./conftest-3407"))
Wrote /Users/bjcohen/.emacs.d/auctex-11.86/preview/conftest-3407
=> yes
configure:2048: result: yes
configure:2086: checking if build directory is valid
/Applications/Emacs.app/Contents/MacOS/Emacs -batch -eval (let* ((x (if (or (member (directory-file-name default-directory) load-path)	      (member (file-name-as-directory default-directory) load-path))	 "no" "yes"))) (write-region (if (stringp x) x (prin1-to-string x)) nil "./conftest-3407"))
Wrote /Users/bjcohen/.emacs.d/auctex-11.86/preview/conftest-3407
=> yes
configure:2102: result: yes
configure:2192: checking where lisp files go
configure:2264: result: /Applications/Emacs.app/Contents/Resources/site-lisp/
configure:2268: checking what file to use for preview startup
configure:2295: result: /Applications/Emacs.app/Contents/Resources/site-lisp//preview-latex.el
configure:2309: checking where the package lisp files go
/Applications/Emacs.app/Contents/MacOS/Emacs -batch -no-site-file -eval (let* ((path(pop command-line-args-left)) (lispdir(pop command-line-args-left)) (startup(pop command-line-args-left)) (target(pop command-line-args-left))(x (progn (setq path (directory-file-name path))
  (if (or target
          (not (string= (car load-path) (directory-file-name (car load-path)))))
    (setq path (file-name-as-directory path)))
  (setq path (expand-file-name path lispdir))
  (setq startupdir (file-name-directory (expand-file-name startup lispdir)))
  (prin1-to-string
    (if (or (string-match "\`\.\."
              (setq relname (file-relative-name startupdir lispdir)))
            (file-name-absolute-p relname)
	    (string-match "\`\.\."
              (setq relname (file-relative-name path lispdir)))
 	    (file-name-absolute-p relname))
	  (concat path target)
	(cond (target
	       `(expand-file-name
                   ,(file-relative-name (concat path target) startupdir)
	           (file-name-directory load-file-name)))
              ((string= path startupdir)
	         '(file-name-directory load-file-name))
	      ((string= path (directory-file-name startupdir))
                 '(directory-file-name (file-name-directory load-file-name)))
              (t
	       `(expand-file-name
                   ,(file-relative-name path startupdir)
	           (file-name-directory load-file-name))))))))) (write-region (if (stringp x) x (prin1-to-string x)) nil "./conftest-3407")) /Applications/Emacs.app/Contents/Resources/site-lisp//auctex /Applications/Emacs.app/Contents/Resources/site-lisp/ /Applications/Emacs.app/Contents/Resources/site-lisp//preview-latex.el
Wrote /Users/bjcohen/.emacs.d/auctex-11.86/preview/conftest-3407
=> (expand-file-name "auctex" (file-name-directory load-file-name))
configure:2390: result: /Applications/Emacs.app/Contents/Resources/site-lisp//auctex
configure:2393: checking where the data files go
/Applications/Emacs.app/Contents/MacOS/Emacs -batch -no-site-file -eval (let* ((path(pop command-line-args-left)) (lispdir(pop command-line-args-left)) (startup(pop command-line-args-left)) (target(pop command-line-args-left))(x (progn (setq path (directory-file-name path))
  (if (or target
          (not (string= (car load-path) (directory-file-name (car load-path)))))
    (setq path (file-name-as-directory path)))
  (setq path (expand-file-name path lispdir))
  (setq startupdir (file-name-directory (expand-file-name startup lispdir)))
  (prin1-to-string
    (if (or (string-match "\`\.\."
              (setq relname (file-relative-name startupdir lispdir)))
            (file-name-absolute-p relname)
	    (string-match "\`\.\."
              (setq relname (file-relative-name path lispdir)))
 	    (file-name-absolute-p relname))
	  (concat path target)
	(cond (target
	       `(expand-file-name
                   ,(file-relative-name (concat path target) startupdir)
	           (file-name-directory load-file-name)))
              ((string= path startupdir)
	         '(file-name-directory load-file-name))
	      ((string= path (directory-file-name startupdir))
                 '(directory-file-name (file-name-directory load-file-name)))
              (t
	       `(expand-file-name
                   ,(file-relative-name path startupdir)
	           (file-name-directory load-file-name))))))))) (write-region (if (stringp x) x (prin1-to-string x)) nil "./conftest-3407")) /Applications/Emacs.app/Contents/Resources/site-lisp//auctex /Applications/Emacs.app/Contents/Resources/site-lisp/ /Applications/Emacs.app/Contents/Resources/site-lisp//preview-latex.el
Wrote /Users/bjcohen/.emacs.d/auctex-11.86/preview/conftest-3407
=> (expand-file-name "auctex" (file-name-directory load-file-name))
configure:2474: result: /Applications/Emacs.app/Contents/Resources/site-lisp//auctex
configure:2481: checking for the location of AUCTeX's tex-site.el
configure:2530: result: ..
configure:2541: checking for gs
configure:2557: found /usr/local/bin/gs
configure:2568: result: gs
/Applications/Emacs.app/Contents/MacOS/Emacs -batch -no-site-file -eval (let* ((dir(pop command-line-args-left))(x (if (member dir (list "NONE" (if (eq system-type 'windows-nt) "GSWIN32C.EXE" "gs"))) "" `(defvar preview-gs-command ,dir)))) (write-region (if (stringp x) x (prin1-to-string x)) nil "./conftest-3407")) gs
Wrote /Users/bjcohen/.emacs.d/auctex-11.86/preview/conftest-3407
=> 
configure:2596: checking for latex
configure:2614: found /usr/texbin/latex
configure:2627: result: /usr/texbin/latex
configure:2643: checking for pdflatex
configure:2661: found /usr/texbin/pdflatex
configure:2673: result: /usr/texbin/pdflatex
configure:2692: checking for tex
configure:2723: result: /usr/texbin/tex
/Applications/Emacs.app/Contents/MacOS/Emacs -batch -no-site-file -eval (let* ((path(pop command-line-args-left)) (lispdir(pop command-line-args-left)) (startup(pop command-line-args-left)) (target(pop command-line-args-left))(x (progn (setq path (directory-file-name path))
  (if (or target
          (not (string= (car load-path) (directory-file-name (car load-path)))))
    (setq path (file-name-as-directory path)))
  (setq path (expand-file-name path lispdir))
  (setq startupdir (file-name-directory (expand-file-name startup lispdir)))
  (prin1-to-string
    (if (or (string-match "\`\.\."
              (setq relname (file-relative-name startupdir lispdir)))
            (file-name-absolute-p relname)
	    (string-match "\`\.\."
              (setq relname (file-relative-name path lispdir)))
 	    (file-name-absolute-p relname))
	  (concat path target)
	(cond (target
	       `(expand-file-name
                   ,(file-relative-name (concat path target) startupdir)
	           (file-name-directory load-file-name)))
              ((string= path startupdir)
	         '(file-name-directory load-file-name))
	      ((string= path (directory-file-name startupdir))
                 '(directory-file-name (file-name-directory load-file-name)))
              (t
	       `(expand-file-name
                   ,(file-relative-name path startupdir)
	           (file-name-directory load-file-name))))))))) (write-region (if (stringp x) x (prin1-to-string x)) nil "./conftest-3407")) /Applications/Emacs.app/Contents/Resources/site-lisp//auctex/latex /Applications/Emacs.app/Contents/Resources/site-lisp/ /Applications/Emacs.app/Contents/Resources/site-lisp//preview-latex.el
Wrote /Users/bjcohen/.emacs.d/auctex-11.86/preview/conftest-3407
=> (expand-file-name "auctex/latex" (file-name-directory load-file-name))
configure:3287: checking for glaring installation conflicts
/Applications/Emacs.app/Contents/MacOS/Emacs -batch -eval (let* ((packagelispdir(pop command-line-args-left)) (previewstartfile(pop command-line-args-left))(x 
  (concat
    (and (setq tmp (locate-library "preview.elc"))
         (not (string= (file-truename tmp)
	               (file-truename (expand-file-name "preview.elc"
                                      packagelispdir))))
         (format "Conflicting previous installation in `%s' found!
"
                 (file-name-directory tmp)))
    (and (setq tmp (locate-library "preview-latex.el"))
         (not (string= (file-truename tmp)
                       (file-truename previewstartfile)))
         (format "Conflicting previous startup file `%s' found!
" tmp))))) (write-region (if (stringp x) x (prin1-to-string x)) nil "./conftest-3407")) /Applications/Emacs.app/Contents/Resources/site-lisp//auctex /Applications/Emacs.app/Contents/Resources/site-lisp//preview-latex.el
Wrote /Users/bjcohen/.emacs.d/auctex-11.86/preview/conftest-3407
=> 
configure:3349: result: probably none
configure:3571: creating ./config.status

## ---------------------- ##
## Running config.status. ##
## ---------------------- ##

This file was extended by preview-latex config.status 11.84, which was
generated by GNU Autoconf 2.65.  Invocation command line was

  CONFIG_FILES    = 
  CONFIG_HEADERS  = 
  CONFIG_LINKS    = 
  CONFIG_COMMANDS = 
  $ ./config.status 

on Ben-Cohens-MacBook-Air.local

config.status:746: creating Makefile
config.status:746: creating auto.el
config.status:746: creating latex/Makefile

## ---------------- ##
## Cache variables. ##
## ---------------- ##

ac_cv_env_GS_set=
ac_cv_env_GS_value=
ac_cv_env_TEXHASH_set=
ac_cv_env_TEXHASH_value=
ac_cv_env_build_alias_set=
ac_cv_env_build_alias_value=
ac_cv_env_host_alias_set=
ac_cv_env_host_alias_value=
ac_cv_env_target_alias_set=
ac_cv_env_target_alias_value=
ac_cv_path_EMACS=/Applications/Emacs.app/Contents/MacOS/Emacs
ac_cv_path_LATEX=/usr/texbin/latex
ac_cv_path_PDFLATEX=/usr/texbin/pdflatex
ac_cv_path_TEX=/usr/texbin/tex
ac_cv_path_install='/usr/bin/install -c'
ac_cv_prog_GS=gs
ac_cv_prog_make_make_set=yes

## ----------------- ##
## Output variables. ##
## ----------------- ##

DEFS='-DPACKAGE_NAME=\"preview-latex\" -DPACKAGE_TARNAME=\"preview-latex\" -DPACKAGE_VERSION=\"11.84\" -DPACKAGE_STRING=\"preview-latex\ 11.84\" -DPACKAGE_BUGREPORT=\"bug-auctex@gnu.org\" -DPACKAGE_URL=\"\"'
ECHO_C='\c'
ECHO_N=''
ECHO_T=''
EMACS='/Applications/Emacs.app/Contents/MacOS/Emacs'
EMACS_FLAVOR='emacs'
GS='gs'
INSTALL_DATA='${INSTALL} -m 644'
INSTALL_PROGRAM='${INSTALL}'
INSTALL_SCRIPT='${INSTALL}'
LATEX='/usr/texbin/latex'
LIBOBJS=''
LIBS=''
LTLIBOBJS=''
PACKAGE_BUGREPORT='bug-auctex@gnu.org'
PACKAGE_NAME='preview-latex'
PACKAGE_STRING='preview-latex 11.84'
PACKAGE_TARNAME='preview-latex'
PACKAGE_URL=''
PACKAGE_VERSION='11.84'
PATH_SEPARATOR=':'
PDFLATEX='/usr/texbin/pdflatex'
PLAT_LISP='prv-emacs.el'
SET_MAKE=''
SHELL='/bin/sh'
TEX='/usr/texbin/tex'
TEXHASH=':'
TEXMFGEN='preview.sty prauctex.def prauctex.cfg prshowbox.def prshowlabels.def prtracingall.def prtightpage.def prlyx.def prcounters.def prfootnotes.def'
XEMACS='no'
auctexdir='..'
bindir='${exec_prefix}/bin'
build_alias=''
datadir='${datarootdir}'
datarootdir='${prefix}/share'
docdir='${datarootdir}/doc/${PACKAGE_TARNAME}'
dvidir='${docdir}'
exec_prefix='${prefix}'
host_alias=''
htmldir='${docdir}'
includedir='${prefix}/include'
infodir='${datarootdir}/info'
libdir='${exec_prefix}/lib'
libexecdir='${exec_prefix}/libexec'
lispGS=''
lispdir='/Applications/Emacs.app/Contents/Resources/site-lisp/'
lisppackagedatadir='(expand-file-name "auctex" (file-name-directory load-file-name))'
lisppackagelispdir='(expand-file-name "auctex" (file-name-directory load-file-name))'
lisppackagetexstyles='(defvar preview-TeX-style-dir (expand-file-name "auctex/latex" (file-name-directory load-file-name)))'
localedir='${datarootdir}/locale'
localstatedir='${prefix}/var'
mandir='${datarootdir}/man'
oldincludedir='/usr/include'
packagedatadir='/Applications/Emacs.app/Contents/Resources/site-lisp//auctex'
packagedir='no'
packagelispdir='/Applications/Emacs.app/Contents/Resources/site-lisp//auctex'
packagetexstyles='/Applications/Emacs.app/Contents/Resources/site-lisp//auctex/latex'
pdfdir='${docdir}'
prefix='/usr/local'
previewdocdir='/Applications/Emacs.app/Contents/Resources/site-lisp//auctex/doc'
previewstartfile='/Applications/Emacs.app/Contents/Resources/site-lisp//preview-latex.el'
previewtexmfdir='/Applications/Emacs.app/Contents/Resources/site-lisp//auctex/latex'
program_transform_name='s,x,x,'
psdir='${docdir}'
sbindir='${exec_prefix}/sbin'
sharedstatedir='${prefix}/com'
sysconfdir='${prefix}/etc'
target_alias=''
texmfdir='no'

## ----------- ##
## confdefs.h. ##
## ----------- ##

/* confdefs.h */
#define PACKAGE_NAME "preview-latex"
#define PACKAGE_TARNAME "preview-latex"
#define PACKAGE_VERSION "11.84"
#define PACKAGE_STRING "preview-latex 11.84"
#define PACKAGE_BUGREPORT "bug-auctex@gnu.org"
#define PACKAGE_URL ""

configure: exit 0
